# Lists and their sources. Names updated with official HUGO names
#
# Wood-Laboratory, MD Anderson. This table was last modified by R. Wood and M. Lowery on Wednesday 10th June 2020
UNG
SMUG1
MBD4
TDG
OGG1
MUTYH
NTHL1
MPG
NEIL1
NEIL2
NEIL3
APEX1
APEX2
LIG3
XRCC1
PNKP
APLF
HMCES
PARP1
PARP2
PARP3
PARG
PARPBP
MGMT
ALKBH2
ALKBH3
TDP1
TDP2
SPRTN
MSH2
MSH3
MSH6
MLH1
PMS2
MSH4
MSH5
MLH3
PMS1
PMS2P3
HFM1
XPC
RAD23B
CETN2
RAD23A
XPA
DDB1
DDB2
RPA1
POLR1A
RPA2
POLR1B
RPA3
ERCC3
ERCC2
GTF2H1
GTF2H2
GTF2H3
GTF2H4
GTF2H5
GTF2E2
CDK7
CCNH
MNAT1
ERCC5
ERCC1
ERCC4
LIG1
LRIG1
ERCC8
ERCC6
UVSSA
XAB2
MMS19
RAD51
RAD51B
RAD51D
HELQ
SWI5
SWSAP1
ZSWIM7
SPIDR
PDS5B
DMC1
HID1
XRCC2
XRCC3
RAD52
RAD54L
RAD54B
BRCA1
BARD1
ABRAXAS1
PAXIP1
SMC5
SMC6
SHLD1
SHLD2
SHLD3
SEM1
RAD50
MRE11A
MRE11
NBN
ARTN
RBBP8
MUS81
EME1
EME2
SLX1A
SLX1B
GEN1
FANCA
FANCB
FANCC
BRCA2
FANCD2
FANCE
FANCF
FANCG
FANCI
BRIP1
FANCL
FANCM
PALB2
RAD51C
SLX4
FAAP20
FAAP24
FAAP100
UBE2T
XRCC6
XRCC5
PRKDC
LIG4
XRCC4
DCLRE1C
NHEJ1
NUDT1
DUT
RRM2B
PARK7
DNPH1
NUDT15
NUDT18
POLA1
POLB
POLD1
POLD2
POLD3
POLD4
POLE
POLE2
POLE3
POLE4
REV3L
MAD2L2
REV1
POLG
POLH
POLI
POLQ
POLK
TENT4A
POLL
POLM
POLN
PRIMPOL
DNTT
FEN1
FAN1
TREX1
TREX2
EXO1
APTX
SPO11
ENDOV
DNA2
DCLRE1A
DCLRE1B
EXO5
UBE2A
UBE2B
RAD18
SHPRH
HLTF
RNF168
RNF8
RNF4
UBE2V2
UBE2N
USP1
WDR48
HERC2
H2AX
CHAF1A
SETMAR
ATRX
BLM
RMI1
TOP3A
WRN
RECQL4
ATM
MPLKIP
RPA4
PRPF19
RECQL
RECQL5
RDM1
NABP2
ATR
SERPINA2
ANTXR1
ATRIP
MDC1
PCNA
RAD1
RNASE6
ERCC4
RAD9A
HUS1
RAD17
CHEK1
CHEK2
TP53
TP53BP1
RIF1
INSL6
LRIF1
TOPBP1
CLK2
PER1
PGAP3
#
#  Additional based on NCI clinical trial NCT03207347
ARID1A
ATM
ATR
SERPINA2
ANTXR1
BACH1
BRIP1
BAP1
BARD1
BLM
CHEK1
CHEK2
CDK2
CDK4
ABRAXAS1
FAM175A
FEN1
IDH1
IDH2
MRE11A
MRE11
NBN
ARTN
NBS1
NLRP2
PALB2
POLD1
PRKDC
PTEN
RAD50
RAD51
RAD52
RAD54
ATRX
RPA1
POLR1A
SLX4
WRN
XRCC1
XRCC2
XRCC3
XRCC4
XRCC5
XRCC6
XRCC8
