# Lists and their sources. Names updated with official HUGO names
# Wood-Laboratory, MD Anderson. This table was last modified by R. Wood and M. Lowery on Wednesday 10th June 2020
#
# Homologous recombination
RAD51
RAD51B
RAD51D
HELQ
SWI5
SWSAP1
ZSWIM7
SPIDR
PDS5B
DMC1
HID1
XRCC2
XRCC3
RAD52
RAD54L
RAD54B
BRCA1
BARD1
ABRAXAS1
PAXIP1
SMC5
SMC6
SHLD1
SHLD2
SHLD3
SEM1
RAD50
MRE11A
MRE11
NBN
ARTN
RBBP8
MUS81
EME1
EME2
SLX1A
SLX1B
GEN1
# Fanconi
FANCA
FANCB
FANCC
BRCA2
FANCD2
FANCE
FANCF
FANCG
FANCI
BRIP1
FANCL
FANCM
PALB2
RAD51C
SLX4
FAAP20
FAAP24
FAAP100
UBE2T
# Additional based on NCT04764084
BRCA2
ATM
ATR
BAP1
BRIP1
CHEK2
FANCA
PALB2
# adding based on suggestion in NCT02576444 that CHK2 be involved. APOBEC is a family (PMID: 27283515)
CHK1
CHK2
NBS1
CDKN2A
CDKN2B
APOBEC1
APOBEC2
APOBEC3A
APOBEC3B
APOBEC3C
APOBEC3D
APOBEC3E
APOBEC3F
APOBEC3G
APOBEC3H
APOBEC4
AID
