KRAS
NRAS
HRAS
ERK
ERK1
ERK2
ERK3
ERK5
ERK6
ERK7
ERK8
JNKK1
MAP2K1
MAP2K2
MAP2K3
MAP2K4
MAP2K5
MAP2K6
MAP3K1
MAP3K10
MAP3K11
MAP3K12
MAP3K13
MAP3K2
MAP3K3
MAP3K4
MAP3K5
MAP3K6
MAP3K7
MAP3K8
MAP3K9
MAP4K3
MAPK1
MAPK10
MAPK11
MAPK12
MAPK13
MAPK14
MAPK15
MAPK2
MAPK3
MAPK4
MAPK6
MAPK7
MAPK8
MAPK9
MAPKAP1
MAPKAP3
MAPKAPK2
MAPKAPK3
MAPKAPK5
MAPKK1
MAPKK3
MAPKK5
MAPKK6
MAPKKK1
MAPKKK3
MAPKKK4
MAPKKK5
MAPKKK6
MAPKKKK3
MAPKSP1AP
MEK1
MEK2
MEK3
MEK4
MEK5
MEK6
MEKK
MEKK10
MEKK11
MEKK12
MEKK13
MEKK2B
MEKK6
MEKK7
MEKK8
MEKK9
BRAF
