PDL1
ABL1
ACVR1B
AKT1
AKT2
AKT3
ALK
APC
AR
ATM
ATRX
AURKA
AURKB
BAP1
BCL2
BCL6
BRAF
BRCA1
BRCA2
BTK
CCND1
CCND2
CCND3
CDK4
CDK6
CDKN1A
CDKN1B
CEBPA
CHEK1
CHEK2
CSF1R
CTNNB1
DAXX
DDR1
DDR2
DNMT3A
EGFR
ERBB2
ERBB3
ERBB4
ERCC4
ER
ESR1
FANCA
FAS
FBXW7
FGFR1
FGFR2
FGFR3
FGFR4
FLT3
GATA3
GATA6
GNAS
HDAC1
HGF
HRAS
IDH1
IDH2
IGF1R
JAK1
JAK2
JAK3
KDR
VEGFR2
KIT
KRAS
MAP2K2
MEK2
MAP3K1
MCL1
MDM2
MDM4
MEN1
MET
MLH1
MSH2
MSH3
MSH6
MTOR
MUTYH
MYC
MYCL
MYCL1
NF1
NF2
NOTCH1
NPM1
NRAS
NTRK1
NTRK2
NTRK3
PALB2
PARP1
PARP2
PARP3
PBRM1
PDCD1
PDCD1LG2
PDGFRA
PDGFRB
PIK3C
PMS2
POLD1
POLE
PRDM1
PTCH1
PTEN
RAF1
RB1
RET
RICTOR
ROS1
RPTOR
SDHA
SDHB
SDHC
SMAD
SMARC
SMO
STK11
TGFBR2
TP53
TSC1
TSC2
VEGFA
VHL
WT1
ZNF217
ZNF703
CEACAM1
CEACAM3
CEACAM4
CEACAM5
CEACAM6
CEACAM7
CEACAM8
CEACAM16
CEACAM18
CEACAM9
CEACAM20
CEACAM21
NRG1
